[debug] [2021-02-05T02:26:23.505Z] ----------------------------------------------------------------------
[debug] [2021-02-05T02:26:23.508Z] Command:       C:\Program Files\nodejs\node.exe C:\Users\Akash Selvakumar\AppData\Roaming\npm\node_modules\firebase-tools\lib\bin\firebase.js init hosting
[debug] [2021-02-05T02:26:23.509Z] CLI Version:   9.3.0
[debug] [2021-02-05T02:26:23.509Z] Platform:      win32
[debug] [2021-02-05T02:26:23.509Z] Node Version:  v12.10.0
[debug] [2021-02-05T02:26:23.511Z] Time:          Thu Feb 04 2021 21:26:23 GMT-0500 (Eastern Standard Time)
[debug] [2021-02-05T02:26:23.511Z] ----------------------------------------------------------------------
[debug] [2021-02-05T02:26:23.511Z] 
[debug] [2021-02-05T02:26:23.522Z] > command requires scopes: ["email","openid","https://www.googleapis.com/auth/cloudplatformprojects.readonly","https://www.googleapis.com/auth/firebase","https://www.googleapis.com/auth/cloud-platform"]
[debug] [2021-02-05T02:26:23.523Z] > authorizing via signed-in user
[info] 
     ######## #### ########  ######## ########     ###     ######  ########
     ##        ##  ##     ## ##       ##     ##  ##   ##  ##       ##
     ######    ##  ########  ######   ########  #########  ######  ######
     ##        ##  ##    ##  ##       ##     ## ##     ##       ## ##
     ##       #### ##     ## ######## ########  ##     ##  ######  ########

You're about to initialize a Firebase project in this directory:

  C:\Users\Akash Selvakumar\Desktop\Todo_PWA

[info] 
=== Project Setup
[info] 
[info] First, let's associate this project directory with a Firebase project.
[info] You can create multiple project aliases by running firebase use --add, 
[info] but for now we'll just set up a default project.
[info] 
[debug] [2021-02-05T02:26:32.266Z] >>> [apiv2][query] GET https://firebase.googleapis.com/v1beta1/projects pageSize=100
[debug] [2021-02-05T02:26:32.625Z] <<< [apiv2][status] GET https://firebase.googleapis.com/v1beta1/projects 200
[debug] [2021-02-05T02:26:32.625Z] <<< [apiv2][body] GET https://firebase.googleapis.com/v1beta1/projects [omitted]
[info] i  Using project todo-pwa-6525b (Todo-PWA) 
[info] 
=== Hosting Setup
[info] 
[info] Your public directory is the folder (relative to your project directory) that
[info] will contain Hosting assets to be uploaded with firebase deploy. If you
[info] have a build process for your assets, use your build's output directory.
[info] 
[debug] [2021-02-05T02:26:45.164Z] >>> [apiv2][query] GET https://www.gstatic.com/firebasejs/releases.json [none]
[debug] [2021-02-05T02:26:45.270Z] <<< [apiv2][status] GET https://www.gstatic.com/firebasejs/releases.json 200
[debug] [2021-02-05T02:26:45.270Z] <<< [apiv2][body] GET https://www.gstatic.com/firebasejs/releases.json {"current":{"version":"8.2.6","browserURL":"https://www.gstatic.com/firebasejs/8.2.6/firebase.js","packageURL":"https://www.gstatic.com/firebasejs/8.2.6/firebase.tgz"},"live":{"version":"8.2","browserURL":"https://www.gstatic.com/firebasejs/live/8.2/firebase.js","packageURL":"https://www.gstatic.com/firebasejs/live/8.2/firebase.tgz"},"components":{"analytics":"https://www.gstatic.com/firebasejs/8.2.6/firebase-analytics.js","app":"https://www.gstatic.com/firebasejs/8.2.6/firebase-app.js","auth":"https://www.gstatic.com/firebasejs/8.2.6/firebase-auth.js","database":"https://www.gstatic.com/firebasejs/8.2.6/firebase-database.js","firestore":"https://www.gstatic.com/firebasejs/8.2.6/firebase-firestore.js","functions":"https://www.gstatic.com/firebasejs/8.2.6/firebase-functions.js","installations":"https://www.gstatic.com/firebasejs/8.2.6/firebase-installations.js","messaging":"https://www.gstatic.com/firebasejs/8.2.6/firebase-messaging.js","storage":"https://www.gstatic.com/firebasejs/8.2.6/firebase-storage.js","performance":"https://www.gstatic.com/firebasejs/8.2.6/firebase-performance.js","remote-config":"https://www.gstatic.com/firebasejs/8.2.6/firebase-remote-config.js","firestore.memory":"https://www.gstatic.com/firebasejs/8.2.6/firebase-firestore.memory.js"}}
[info] i  Skipping write of /index.html 
[info] 
[info] i  Didn't detect a .git folder. Assuming C:\Users\Akash Selvakumar\Desktop\Todo_PWA is the project root. 
[info] i  Authorizing with GitHub to upload your service account to a GitHub repository's secrets store. 
[info] 
[info] Visit this URL on this device to log in:
[info] https://github.com/login/oauth/authorize?client_id=89cf50f02ac6aaed3484&state=298635900&redirect_uri=http%3A%2F%2Flocalhost%3A9005&scope=read%3Auser%20repo%20public_repo
[info] 
[info] Waiting for authentication...
[debug] [2021-02-05T02:26:51.203Z] >>> HTTP REQUEST POST https://github.com/login/oauth/access_token  
 {"client_id":"89cf50f02ac6aaed3484","client_secret":"3330d14abc895d9a74d5f17cd7a00711fa2c5bf0","code":"93559455302a8fd698d6","redirect_uri":"http://localhost:9005","state":"298635900"}
[debug] [2021-02-05T02:26:51.350Z] <<< HTTP RESPONSE 200 {"server":"GitHub.com","date":"Fri, 05 Feb 2021 02:26:49 GMT","content-type":"application/json; charset=utf-8","transfer-encoding":"chunked","vary":"X-PJAX, Accept-Encoding, Accept, X-Requested-With","etag":"W/\"c2bf4927ecaf474191a247a98d930b6d\"","cache-control":"max-age=0, private, must-revalidate","strict-transport-security":"max-age=31536000; includeSubdomains; preload","x-frame-options":"deny","x-content-type-options":"nosniff","x-xss-protection":"1; mode=block","referrer-policy":"origin-when-cross-origin, strict-origin-when-cross-origin","expect-ct":"max-age=2592000, report-uri=\"https://api.github.com/_private/browser/errors\"","content-security-policy":"default-src 'none'; base-uri 'self'; block-all-mixed-content; connect-src 'self' uploads.github.com www.githubstatus.com collector.githubapp.com api.github.com github-cloud.s3.amazonaws.com github-production-repository-file-5c1aeb.s3.amazonaws.com github-production-upload-manifest-file-7fdce7.s3.amazonaws.com github-production-user-asset-6210df.s3.amazonaws.com cdn.optimizely.com logx.optimizely.com/v1/events wss://alive.github.com; font-src github.githubassets.com; form-action 'self' github.com gist.github.com; frame-ancestors 'none'; frame-src render.githubusercontent.com; img-src 'self' data: github.githubassets.com identicons.github.com collector.githubapp.com github-cloud.s3.amazonaws.com *.githubusercontent.com; manifest-src 'self'; media-src 'none'; script-src github.githubassets.com; style-src 'unsafe-inline' github.githubassets.com; worker-src github.com/socket-worker-5029ae85.js gist.github.com/socket-worker-5029ae85.js","x-github-request-id":"E44F:1A1B:63F07:B3766:601CACE9"}
[debug] [2021-02-05T02:26:51.353Z] >>> [apiv2][query] GET https://api.github.com/user [none]
[debug] [2021-02-05T02:26:51.638Z] <<< [apiv2][status] GET https://api.github.com/user 200
[debug] [2021-02-05T02:26:51.638Z] <<< [apiv2][body] GET https://api.github.com/user {"login":"akash97s","id":29802515,"node_id":"MDQ6VXNlcjI5ODAyNTE1","avatar_url":"https://avatars.githubusercontent.com/u/29802515?v=4","gravatar_id":"","url":"https://api.github.com/users/akash97s","html_url":"https://github.com/akash97s","followers_url":"https://api.github.com/users/akash97s/followers","following_url":"https://api.github.com/users/akash97s/following{/other_user}","gists_url":"https://api.github.com/users/akash97s/gists{/gist_id}","starred_url":"https://api.github.com/users/akash97s/starred{/owner}{/repo}","subscriptions_url":"https://api.github.com/users/akash97s/subscriptions","organizations_url":"https://api.github.com/users/akash97s/orgs","repos_url":"https://api.github.com/users/akash97s/repos","events_url":"https://api.github.com/users/akash97s/events{/privacy}","received_events_url":"https://api.github.com/users/akash97s/received_events","type":"User","site_admin":false,"name":"Akash Selvakumar","company":null,"blog":"","location":"Chennai , India","email":"akashselvae7@gmail.com","hireable":null,"bio":"I let my actions speak for myself  :)","twitter_username":null,"public_repos":13,"public_gists":0,"followers":3,"following":5,"created_at":"2017-06-30T17:14:42Z","updated_at":"2021-02-05T02:23:27Z","private_gists":0,"total_private_repos":1,"owned_private_repos":1,"disk_usage":99863,"collaborators":0,"two_factor_authentication":false,"plan":{"name":"free","space":976562499,"collaborators":0,"private_repos":10000}}
[info] 
[info] +  Success! Logged into GitHub as akash97s 
[info] 
